<?xml version="1.0" encoding="UTF-8"?>
<!-- Generated by org.testng.reporters.JUnitXMLReporter -->
<testsuite ignored="0" hostname="PRASHANTH" failures="0" tests="5" name="Default test" time="27.215" errors="0" timestamp="2026-03-10T16:53:49 IST">
  <testcase classname="com.blazedemo.tests.FlightBookingTest" name="testFlightBooking" time="4.501"/>
  <testcase classname="com.blazedemo.tests.FlightBookingTest" name="testFlightBooking" time="4.542"/>
  <testcase classname="com.blazedemo.tests.FlightBookingTest" name="testFlightBooking" time="4.027"/>
  <testcase classname="com.blazedemo.tests.FlightBookingTest" name="testFlightBooking" time="4.3"/>
  <testcase classname="com.blazedemo.tests.FlightBookingTest" name="testFlightBooking" time="4.081"/>
</testsuite> <!-- Default test -->
