<?xml version="1.0" encoding="UTF-8"?>
<testng-results ignored="0" total="1" passed="0" failed="1" skipped="0">
  <reporter-output>
  </reporter-output>
  <suite started-at="2026-03-10T15:38:47 IST" name="BlazeDemo Flight Booking Suite" finished-at="2026-03-10T15:38:47 IST" duration-ms="16">
    <groups>
    </groups>
    <test started-at="2026-03-10T15:38:47 IST" name="Flight Booking Tests" finished-at="2026-03-10T15:38:47 IST" duration-ms="16">
      <class name="com.blazedemo.tests.FlightBookingTest">
        <test-method is-config="true" signature="setupSuite()[pri:0, instance:com.blazedemo.tests.FlightBookingTest@419c5f1a]" started-at="2026-03-10T15:38:47 IST" name="setupSuite" finished-at="2026-03-10T15:38:47 IST" duration-ms="8" status="FAIL">
          <exception class="java.lang.RuntimeException">
            <message>
              <![CDATA[Excel file not found at path: test-data/flightdata.xlsx]]>
            </message>
            <full-stacktrace>
              <![CDATA[java.lang.RuntimeException: Excel file not found at path: test-data/flightdata.xlsx
at com.blazedemo.utils.ExcelReader.<init>(ExcelReader.java:22)
at com.blazedemo.tests.FlightBookingTest.setupSuite(FlightBookingTest.java:28)
at java.base/jdk.internal.reflect.DirectMethodHandleAccessor.invoke(DirectMethodHandleAccessor.java:104)
at java.base/java.lang.reflect.Method.invoke(Method.java:565)
at org.testng.internal.invokers.MethodInvocationHelper.invokeMethod(MethodInvocationHelper.java:139)
at org.testng.internal.invokers.MethodInvocationHelper.invokeMethodConsideringTimeout(MethodInvocationHelper.java:69)
at org.testng.internal.invokers.ConfigInvoker.invokeConfigurationMethod(ConfigInvoker.java:390)
at org.testng.internal.invokers.ConfigInvoker.invokeConfigurations(ConfigInvoker.java:325)
at org.testng.SuiteRunner.privateRun(SuiteRunner.java:382)
at org.testng.SuiteRunner.run(SuiteRunner.java:336)
at org.testng.SuiteRunnerWorker.runSuite(SuiteRunnerWorker.java:52)
at org.testng.SuiteRunnerWorker.run(SuiteRunnerWorker.java:95)
at org.testng.TestNG.runSuitesSequentially(TestNG.java:1280)
at org.testng.TestNG.runSuitesLocally(TestNG.java:1200)
at org.testng.TestNG.runSuites(TestNG.java:1114)
at org.testng.TestNG.run(TestNG.java:1082)
at org.apache.maven.surefire.testng.TestNGExecutor.run(TestNGExecutor.java:308)
at org.apache.maven.surefire.testng.TestNGXmlTestSuite.execute(TestNGXmlTestSuite.java:71)
at org.apache.maven.surefire.testng.TestNGProvider.invoke(TestNGProvider.java:113)
at org.apache.maven.surefire.booter.ForkedBooter.runSuitesInProcess(ForkedBooter.java:385)
at org.apache.maven.surefire.booter.ForkedBooter.execute(ForkedBooter.java:162)
at org.apache.maven.surefire.booter.ForkedBooter.run(ForkedBooter.java:507)
at org.apache.maven.surefire.booter.ForkedBooter.main(ForkedBooter.java:495)
]]>
            </full-stacktrace>
          </exception> <!-- java.lang.RuntimeException -->
          <reporter-output>
          </reporter-output>
        </test-method> <!-- setupSuite -->
        <test-method signature="testCompleteFlightBooking(java.util.Map)[pri:0, instance:com.blazedemo.tests.FlightBookingTest@419c5f1a]" started-at="2026-03-10T15:38:47 IST" name="testCompleteFlightBooking" description="End-to-End Flight Booking" data-provider="flightData" finished-at="2026-03-10T15:38:47 IST" duration-ms="0" status="FAIL">
          <exception class="java.lang.RuntimeException">
            <message>
              <![CDATA[java.lang.NullPointerException: Cannot invoke "com.blazedemo.utils.ExcelReader.getAllRowsAsMaps()" because "this.excelReader" is null]]>
            </message>
            <full-stacktrace>
              <![CDATA[java.lang.RuntimeException: java.lang.NullPointerException: Cannot invoke "com.blazedemo.utils.ExcelReader.getAllRowsAsMaps()" because "this.excelReader" is null
at org.testng.internal.invokers.MethodInvocationHelper.invokeMethodNoCheckedException(MethodInvocationHelper.java:57)
at org.testng.internal.invokers.MethodInvocationHelper.invokeDataProvider(MethodInvocationHelper.java:157)
at org.testng.internal.Parameters.handleParameters(Parameters.java:803)
at org.testng.internal.Parameters.handleParameters(Parameters.java:728)
at org.testng.internal.invokers.ParameterHandler.handleParameters(ParameterHandler.java:72)
at org.testng.internal.invokers.ParameterHandler.createParameters(ParameterHandler.java:51)
at org.testng.internal.invokers.TestInvoker$MethodInvocationAgent.invoke(TestInvoker.java:911)
at org.testng.internal.invokers.TestInvoker.invokeTestMethods(TestInvoker.java:200)
at org.testng.internal.invokers.TestMethodWorker.invokeTestMethods(TestMethodWorker.java:148)
at org.testng.internal.invokers.TestMethodWorker.run(TestMethodWorker.java:128)
at java.base/java.util.concurrent.ThreadPoolExecutor.runWorker(ThreadPoolExecutor.java:1090)
at java.base/java.util.concurrent.ThreadPoolExecutor$Worker.run(ThreadPoolExecutor.java:614)
at java.base/java.lang.Thread.run(Thread.java:1474)
Caused by: java.lang.NullPointerException: Cannot invoke "com.blazedemo.utils.ExcelReader.getAllRowsAsMaps()" because "this.excelReader" is null
at com.blazedemo.tests.FlightBookingTest.flightData(FlightBookingTest.java:113)
at java.base/jdk.internal.reflect.DirectMethodHandleAccessor.invoke(DirectMethodHandleAccessor.java:104)
at java.base/java.lang.reflect.Method.invoke(Method.java:565)
at org.testng.internal.invokers.MethodInvocationHelper.invokeMethod(MethodInvocationHelper.java:139)
at org.testng.internal.invokers.MethodInvocationHelper.invokeMethod(MethodInvocationHelper.java:84)
at org.testng.internal.invokers.MethodInvocationHelper.invokeMethodNoCheckedException(MethodInvocationHelper.java:53)
... 12 more
]]>
            </full-stacktrace>
          </exception> <!-- java.lang.RuntimeException -->
          <reporter-output>
          </reporter-output>
        </test-method> <!-- testCompleteFlightBooking -->
        <test-method is-config="true" signature="teardownSuite()[pri:0, instance:com.blazedemo.tests.FlightBookingTest@419c5f1a]" started-at="2026-03-10T15:38:47 IST" name="teardownSuite" finished-at="2026-03-10T15:38:47 IST" duration-ms="0" status="SKIP">
          <reporter-output>
          </reporter-output>
        </test-method> <!-- teardownSuite -->
      </class> <!-- com.blazedemo.tests.FlightBookingTest -->
    </test> <!-- Flight Booking Tests -->
  </suite> <!-- BlazeDemo Flight Booking Suite -->
</testng-results>
