<?xml version="1.0" encoding="UTF-8"?>
<!-- Generated by org.testng.reporters.JUnitXMLReporter -->
<testsuite ignored="0" hostname="PRASHANTH" failures="1" tests="1" name="Flight Booking Tests" time="0.016" errors="0" timestamp="2026-03-10T15:38:47 IST">
  <testcase classname="com.blazedemo.tests.FlightBookingTest" name="@BeforeSuite setupSuite" time="0.008">
    <failure type="java.lang.RuntimeException" message="Excel file not found at path: test-data/flightdata.xlsx">
      <![CDATA[java.lang.RuntimeException: Excel file not found at path: test-data/flightdata.xlsx
at com.blazedemo.utils.ExcelReader.<init>(ExcelReader.java:22)
at com.blazedemo.tests.FlightBookingTest.setupSuite(FlightBookingTest.java:28)
... Removed 21 stack frames]]>
    </failure>
  </testcase> <!-- @BeforeSuite setupSuite -->
  <testcase classname="com.blazedemo.tests.FlightBookingTest" name="testCompleteFlightBooking" time="0.0">
    <failure type="java.lang.RuntimeException" message="java.lang.NullPointerException: Cannot invoke &amp;quot;com.blazedemo.utils.ExcelReader.getAllRowsAsMaps()&amp;quot; because &amp;quot;this.excelReader&amp;quot; is null">
      <![CDATA[java.lang.RuntimeException: java.lang.NullPointerException: Cannot invoke "com.blazedemo.utils.ExcelReader.getAllRowsAsMaps()" because "this.excelReader" is null
at java.base/java.util.concurrent.ThreadPoolExecutor.runWorker(ThreadPoolExecutor.java:1090)
at java.base/java.util.concurrent.ThreadPoolExecutor$Worker.run(ThreadPoolExecutor.java:614)
at java.base/java.lang.Thread.run(Thread.java:1474)
Caused by: java.lang.NullPointerException: Cannot invoke "com.blazedemo.utils.ExcelReader.getAllRowsAsMaps()" because "this.excelReader" is null
at com.blazedemo.tests.FlightBookingTest.flightData(FlightBookingTest.java:113)
... 12 more
... Removed 15 stack frames]]>
    </failure>
  </testcase> <!-- testCompleteFlightBooking -->
</testsuite> <!-- Flight Booking Tests -->
