<?xml version="1.0" encoding="UTF-8"?>
<!-- Generated by org.testng.reporters.JUnitReportReporter -->
<testsuite hostname="PRASHANTH" failures="0" tests="5" name="com.blazedemo.tests.FlightBookingTest" time="26.343" errors="0" timestamp="2026-03-10T16:53:49 IST" skipped="0">
  <testcase classname="com.blazedemo.tests.FlightBookingTest" name="testFlightBooking" time="4.987"/>
  <testcase classname="com.blazedemo.tests.FlightBookingTest" name="testFlightBooking" time="5.184"/>
  <testcase classname="com.blazedemo.tests.FlightBookingTest" name="testFlightBooking" time="5.440"/>
  <testcase classname="com.blazedemo.tests.FlightBookingTest" name="testFlightBooking" time="5.453"/>
  <testcase classname="com.blazedemo.tests.FlightBookingTest" name="testFlightBooking" time="5.279"/>
</testsuite> <!-- com.blazedemo.tests.FlightBookingTest -->
